2023-07-06 06:32:20,746:WARNING:
'cuml' is a soft dependency and not included in the pycaret installation. Please run: `pip install cuml` to install.
2023-07-06 06:32:20,747:WARNING:
'cuml' is a soft dependency and not included in the pycaret installation. Please run: `pip install cuml` to install.
2023-07-06 06:32:20,748:WARNING:
'cuml' is a soft dependency and not included in the pycaret installation. Please run: `pip install cuml` to install.
2023-07-06 06:32:20,748:WARNING:
'cuml' is a soft dependency and not included in the pycaret installation. Please run: `pip install cuml` to install.
2023-07-06 06:32:26,257:WARNING:
'prophet' is a soft dependency and not included in the pycaret installation. Please run: `pip install prophet` to install.
2023-07-06 06:32:28,673:INFO:PyCaret RegressionExperiment
2023-07-06 06:32:28,673:INFO:Logging name: reg-default-name
2023-07-06 06:32:28,674:INFO:ML Usecase: MLUsecase.REGRESSION
2023-07-06 06:32:28,674:INFO:version 3.0.3
2023-07-06 06:32:28,674:INFO:Initializing setup()
2023-07-06 06:32:28,674:INFO:self.USI: 7113
2023-07-06 06:32:28,674:INFO:self._variable_keys: {'_available_plots', 'gpu_n_jobs_param', 'n_jobs_param', 'X_train', 'y', 'logging_param', 'seed', 'log_plots_param', 'fold_groups_param', 'transform_target_param', 'memory', 'fold_shuffle_param', 'data', 'X', 'USI', 'html_param', 'exp_name_log', '_ml_usecase', 'gpu_param', 'pipeline', 'exp_id', 'fold_generator', 'X_test', 'target_param', 'y_train', 'idx', 'y_test'}
2023-07-06 06:32:28,674:INFO:Checking environment
2023-07-06 06:32:28,675:INFO:python_version: 3.10.9
2023-07-06 06:32:28,675:INFO:python_build: ('main', 'Mar  1 2023 18:18:15')
2023-07-06 06:32:28,675:INFO:machine: AMD64
2023-07-06 06:32:28,675:INFO:platform: Windows-10-10.0.22631-SP0
2023-07-06 06:32:28,675:INFO:Memory: svmem(total=6385856512, available=427126784, percent=93.3, used=5958729728, free=427126784)
2023-07-06 06:32:28,676:INFO:Physical Core: 4
2023-07-06 06:32:28,676:INFO:Logical Core: 8
2023-07-06 06:32:28,676:INFO:Checking libraries
2023-07-06 06:32:28,676:INFO:System:
2023-07-06 06:32:28,676:INFO:    python: 3.10.9 | packaged by Anaconda, Inc. | (main, Mar  1 2023, 18:18:15) [MSC v.1916 64 bit (AMD64)]
2023-07-06 06:32:28,676:INFO:executable: C:\ProgramData\anaconda3\python.exe
2023-07-06 06:32:28,677:INFO:   machine: Windows-10-10.0.22631-SP0
2023-07-06 06:32:28,677:INFO:PyCaret required dependencies:
2023-07-06 06:32:28,689:INFO:                 pip: 22.3.1
2023-07-06 06:32:28,690:INFO:          setuptools: 65.6.3
2023-07-06 06:32:28,690:INFO:             pycaret: 3.0.3
2023-07-06 06:32:28,690:INFO:             IPython: 8.10.0
2023-07-06 06:32:28,691:INFO:          ipywidgets: 7.6.5
2023-07-06 06:32:28,691:INFO:                tqdm: 4.64.1
2023-07-06 06:32:28,691:INFO:               numpy: 1.23.5
2023-07-06 06:32:28,691:INFO:              pandas: 1.5.3
2023-07-06 06:32:28,692:INFO:              jinja2: 3.1.2
2023-07-06 06:32:28,693:INFO:               scipy: 1.10.0
2023-07-06 06:32:28,693:INFO:              joblib: 1.1.1
2023-07-06 06:32:28,693:INFO:             sklearn: 1.2.1
2023-07-06 06:32:28,693:INFO:                pyod: 1.1.0
2023-07-06 06:32:28,693:INFO:            imblearn: 0.10.1
2023-07-06 06:32:28,693:INFO:   category_encoders: 2.6.1
2023-07-06 06:32:28,694:INFO:            lightgbm: 3.3.5
2023-07-06 06:32:28,694:INFO:               numba: 0.56.4
2023-07-06 06:32:28,694:INFO:            requests: 2.28.1
2023-07-06 06:32:28,694:INFO:          matplotlib: 3.7.0
2023-07-06 06:32:28,694:INFO:          scikitplot: 0.3.7
2023-07-06 06:32:28,694:INFO:         yellowbrick: 1.5
2023-07-06 06:32:28,695:INFO:              plotly: 5.9.0
2023-07-06 06:32:28,695:INFO:    plotly-resampler: Not installed
2023-07-06 06:32:28,695:INFO:             kaleido: 0.2.1
2023-07-06 06:32:28,695:INFO:           schemdraw: 0.15
2023-07-06 06:32:28,695:INFO:         statsmodels: 0.13.5
2023-07-06 06:32:28,696:INFO:              sktime: 0.20.0
2023-07-06 06:32:28,696:INFO:               tbats: 1.1.3
2023-07-06 06:32:28,696:INFO:            pmdarima: 2.0.3
2023-07-06 06:32:28,696:INFO:              psutil: 5.9.0
2023-07-06 06:32:28,696:INFO:          markupsafe: 2.1.1
2023-07-06 06:32:28,697:INFO:             pickle5: Not installed
2023-07-06 06:32:28,697:INFO:         cloudpickle: 2.0.0
2023-07-06 06:32:28,697:INFO:         deprecation: 2.1.0
2023-07-06 06:32:28,697:INFO:              xxhash: 3.2.0
2023-07-06 06:32:28,697:INFO:           wurlitzer: Not installed
2023-07-06 06:32:28,697:INFO:PyCaret optional dependencies:
2023-07-06 06:32:38,485:INFO:                shap: 0.41.0
2023-07-06 06:32:38,486:INFO:           interpret: 0.4.2
2023-07-06 06:32:38,487:INFO:                umap: 0.5.3
2023-07-06 06:32:38,487:INFO:    pandas_profiling: 4.3.1
2023-07-06 06:32:38,487:INFO:  explainerdashboard: 0.4.2.2
2023-07-06 06:32:38,487:INFO:             autoviz: 0.1.720
2023-07-06 06:32:38,487:INFO:           fairlearn: 0.7.0
2023-07-06 06:32:38,487:INFO:          deepchecks: 0.17.3
2023-07-06 06:32:38,488:INFO:             xgboost: 1.7.6
2023-07-06 06:32:38,488:INFO:            catboost: Not installed
2023-07-06 06:32:38,488:INFO:              kmodes: Not installed
2023-07-06 06:32:38,488:INFO:             mlxtend: Not installed
2023-07-06 06:32:38,488:INFO:       statsforecast: Not installed
2023-07-06 06:32:38,489:INFO:        tune_sklearn: Not installed
2023-07-06 06:32:38,489:INFO:                 ray: Not installed
2023-07-06 06:32:38,489:INFO:            hyperopt: Not installed
2023-07-06 06:32:38,489:INFO:              optuna: 3.2.0
2023-07-06 06:32:38,489:INFO:               skopt: Not installed
2023-07-06 06:32:38,489:INFO:              mlflow: Not installed
2023-07-06 06:32:38,490:INFO:              gradio: 3.35.2
2023-07-06 06:32:38,490:INFO:             fastapi: 0.98.0
2023-07-06 06:32:38,490:INFO:             uvicorn: 0.22.0
2023-07-06 06:32:38,490:INFO:              m2cgen: Not installed
2023-07-06 06:32:38,490:INFO:           evidently: Not installed
2023-07-06 06:32:38,490:INFO:               fugue: Not installed
2023-07-06 06:32:38,491:INFO:           streamlit: 1.24.0
2023-07-06 06:32:38,491:INFO:             prophet: Not installed
2023-07-06 06:32:38,491:INFO:None
2023-07-06 06:32:38,491:INFO:Set up GPU usage.
2023-07-06 06:32:38,491:WARNING:
'cuml' is a soft dependency and not included in the pycaret installation. Please run: `pip install cuml` to install.
2023-07-06 06:32:38,491:WARNING:cuML is outdated or not found. Required version is >=22.10.
                Please visit https://rapids.ai/ for installation instructions.
2023-07-06 06:32:38,491:INFO:Set up data.
2023-07-06 06:32:38,509:INFO:Set up train/test split.
2023-07-06 06:32:38,528:INFO:Set up index.
2023-07-06 06:32:38,529:INFO:Set up folding strategy.
2023-07-06 06:32:38,529:INFO:Assigning column types.
2023-07-06 06:32:38,541:INFO:Engine successfully changes for model 'lr' to 'sklearn'.
2023-07-06 06:32:38,542:WARNING:
'cuml' is a soft dependency and not included in the pycaret installation. Please run: `pip install cuml` to install.
2023-07-06 06:32:38,543:INFO:Engine for model 'lasso' has not been set explicitly, hence returning None.
2023-07-06 06:32:38,543:WARNING:
'cuml' is a soft dependency and not included in the pycaret installation. Please run: `pip install cuml` to install.
2023-07-06 06:32:38,557:INFO:Engine for model 'ridge' has not been set explicitly, hence returning None.
2023-07-06 06:32:38,557:WARNING:
'cuml' is a soft dependency and not included in the pycaret installation. Please run: `pip install cuml` to install.
2023-07-06 06:32:38,571:INFO:Engine for model 'en' has not been set explicitly, hence returning None.
2023-07-06 06:32:38,571:WARNING:
'cuml' is a soft dependency and not included in the pycaret installation. Please run: `pip install cuml` to install.
2023-07-06 06:32:38,787:INFO:Engine for model 'svm' has not been set explicitly, hence returning None.
2023-07-06 06:32:38,788:WARNING:
'cuml' is a soft dependency and not included in the pycaret installation. Please run: `pip install cuml` to install.
2023-07-06 06:32:38,956:INFO:Engine for model 'knn' has not been set explicitly, hence returning None.
2023-07-06 06:32:38,957:WARNING:
'cuml' is a soft dependency and not included in the pycaret installation. Please run: `pip install cuml` to install.
2023-07-06 06:32:38,957:WARNING:
'cuml' is a soft dependency and not included in the pycaret installation. Please run: `pip install cuml` to install.
2023-07-06 06:32:38,960:INFO:Soft dependency imported: xgboost: 1.7.6
2023-07-06 06:32:44,262:WARNING:
'catboost' is a soft dependency and not included in the pycaret installation. Please run: `pip install catboost` to install.
Alternately, you can install this by running `pip install pycaret[models]`
2023-07-06 06:32:44,263:WARNING:
'cuml' is a soft dependency and not included in the pycaret installation. Please run: `pip install cuml` to install.
2023-07-06 06:32:44,264:INFO:Engine for model 'lasso' has not been set explicitly, hence returning None.
2023-07-06 06:32:44,264:WARNING:
'cuml' is a soft dependency and not included in the pycaret installation. Please run: `pip install cuml` to install.
2023-07-06 06:32:44,280:INFO:Engine for model 'ridge' has not been set explicitly, hence returning None.
2023-07-06 06:32:44,281:WARNING:
'cuml' is a soft dependency and not included in the pycaret installation. Please run: `pip install cuml` to install.
2023-07-06 06:32:44,297:INFO:Engine for model 'en' has not been set explicitly, hence returning None.
2023-07-06 06:32:44,297:WARNING:
'cuml' is a soft dependency and not included in the pycaret installation. Please run: `pip install cuml` to install.
2023-07-06 06:32:44,445:INFO:Engine for model 'svm' has not been set explicitly, hence returning None.
2023-07-06 06:32:44,445:WARNING:
'cuml' is a soft dependency and not included in the pycaret installation. Please run: `pip install cuml` to install.
2023-07-06 06:32:44,558:INFO:Engine for model 'knn' has not been set explicitly, hence returning None.
2023-07-06 06:32:44,558:WARNING:
'cuml' is a soft dependency and not included in the pycaret installation. Please run: `pip install cuml` to install.
2023-07-06 06:32:44,559:WARNING:
'cuml' is a soft dependency and not included in the pycaret installation. Please run: `pip install cuml` to install.
2023-07-06 06:32:44,561:INFO:Soft dependency imported: xgboost: 1.7.6
2023-07-06 06:32:44,686:WARNING:
'catboost' is a soft dependency and not included in the pycaret installation. Please run: `pip install catboost` to install.
Alternately, you can install this by running `pip install pycaret[models]`
2023-07-06 06:32:44,687:INFO:Engine successfully changes for model 'lasso' to 'sklearn'.
2023-07-06 06:32:44,688:WARNING:
'cuml' is a soft dependency and not included in the pycaret installation. Please run: `pip install cuml` to install.
2023-07-06 06:32:44,688:WARNING:
'cuml' is a soft dependency and not included in the pycaret installation. Please run: `pip install cuml` to install.
2023-07-06 06:32:44,704:INFO:Engine for model 'ridge' has not been set explicitly, hence returning None.
2023-07-06 06:32:44,704:WARNING:
'cuml' is a soft dependency and not included in the pycaret installation. Please run: `pip install cuml` to install.
2023-07-06 06:32:44,720:INFO:Engine for model 'en' has not been set explicitly, hence returning None.
2023-07-06 06:32:44,720:WARNING:
'cuml' is a soft dependency and not included in the pycaret installation. Please run: `pip install cuml` to install.
2023-07-06 06:32:44,906:INFO:Engine for model 'svm' has not been set explicitly, hence returning None.
2023-07-06 06:32:44,907:WARNING:
'cuml' is a soft dependency and not included in the pycaret installation. Please run: `pip install cuml` to install.
2023-07-06 06:32:45,026:INFO:Engine for model 'knn' has not been set explicitly, hence returning None.
2023-07-06 06:32:45,026:WARNING:
'cuml' is a soft dependency and not included in the pycaret installation. Please run: `pip install cuml` to install.
2023-07-06 06:32:45,026:WARNING:
'cuml' is a soft dependency and not included in the pycaret installation. Please run: `pip install cuml` to install.
2023-07-06 06:32:45,028:INFO:Soft dependency imported: xgboost: 1.7.6
2023-07-06 06:32:45,160:WARNING:
'catboost' is a soft dependency and not included in the pycaret installation. Please run: `pip install catboost` to install.
Alternately, you can install this by running `pip install pycaret[models]`
2023-07-06 06:32:45,162:WARNING:
'cuml' is a soft dependency and not included in the pycaret installation. Please run: `pip install cuml` to install.
2023-07-06 06:32:45,162:WARNING:
'cuml' is a soft dependency and not included in the pycaret installation. Please run: `pip install cuml` to install.
2023-07-06 06:32:45,178:INFO:Engine for model 'ridge' has not been set explicitly, hence returning None.
2023-07-06 06:32:45,178:WARNING:
'cuml' is a soft dependency and not included in the pycaret installation. Please run: `pip install cuml` to install.
2023-07-06 06:32:45,194:INFO:Engine for model 'en' has not been set explicitly, hence returning None.
2023-07-06 06:32:45,194:WARNING:
'cuml' is a soft dependency and not included in the pycaret installation. Please run: `pip install cuml` to install.
2023-07-06 06:32:45,353:INFO:Engine for model 'svm' has not been set explicitly, hence returning None.
2023-07-06 06:32:45,353:WARNING:
'cuml' is a soft dependency and not included in the pycaret installation. Please run: `pip install cuml` to install.
2023-07-06 06:32:45,456:INFO:Engine for model 'knn' has not been set explicitly, hence returning None.
2023-07-06 06:32:45,456:WARNING:
'cuml' is a soft dependency and not included in the pycaret installation. Please run: `pip install cuml` to install.
2023-07-06 06:32:45,456:WARNING:
'cuml' is a soft dependency and not included in the pycaret installation. Please run: `pip install cuml` to install.
2023-07-06 06:32:45,458:INFO:Soft dependency imported: xgboost: 1.7.6
2023-07-06 06:32:45,582:WARNING:
'catboost' is a soft dependency and not included in the pycaret installation. Please run: `pip install catboost` to install.
Alternately, you can install this by running `pip install pycaret[models]`
2023-07-06 06:32:45,583:INFO:Engine successfully changes for model 'ridge' to 'sklearn'.
2023-07-06 06:32:45,584:WARNING:
'cuml' is a soft dependency and not included in the pycaret installation. Please run: `pip install cuml` to install.
2023-07-06 06:32:45,584:WARNING:
'cuml' is a soft dependency and not included in the pycaret installation. Please run: `pip install cuml` to install.
2023-07-06 06:32:45,599:WARNING:
'cuml' is a soft dependency and not included in the pycaret installation. Please run: `pip install cuml` to install.
2023-07-06 06:32:45,614:INFO:Engine for model 'en' has not been set explicitly, hence returning None.
2023-07-06 06:32:45,615:WARNING:
'cuml' is a soft dependency and not included in the pycaret installation. Please run: `pip install cuml` to install.
2023-07-06 06:32:45,766:INFO:Engine for model 'svm' has not been set explicitly, hence returning None.
2023-07-06 06:32:45,766:WARNING:
'cuml' is a soft dependency and not included in the pycaret installation. Please run: `pip install cuml` to install.
2023-07-06 06:32:45,858:INFO:Engine for model 'knn' has not been set explicitly, hence returning None.
2023-07-06 06:32:45,858:WARNING:
'cuml' is a soft dependency and not included in the pycaret installation. Please run: `pip install cuml` to install.
2023-07-06 06:32:45,858:WARNING:
'cuml' is a soft dependency and not included in the pycaret installation. Please run: `pip install cuml` to install.
2023-07-06 06:32:45,860:INFO:Soft dependency imported: xgboost: 1.7.6
2023-07-06 06:32:45,974:WARNING:
'catboost' is a soft dependency and not included in the pycaret installation. Please run: `pip install catboost` to install.
Alternately, you can install this by running `pip install pycaret[models]`
2023-07-06 06:32:45,976:WARNING:
'cuml' is a soft dependency and not included in the pycaret installation. Please run: `pip install cuml` to install.
2023-07-06 06:32:45,977:WARNING:
'cuml' is a soft dependency and not included in the pycaret installation. Please run: `pip install cuml` to install.
2023-07-06 06:32:45,992:WARNING:
'cuml' is a soft dependency and not included in the pycaret installation. Please run: `pip install cuml` to install.
2023-07-06 06:32:46,008:INFO:Engine for model 'en' has not been set explicitly, hence returning None.
2023-07-06 06:32:46,008:WARNING:
'cuml' is a soft dependency and not included in the pycaret installation. Please run: `pip install cuml` to install.
2023-07-06 06:32:46,174:INFO:Engine for model 'svm' has not been set explicitly, hence returning None.
2023-07-06 06:32:46,193:WARNING:
'cuml' is a soft dependency and not included in the pycaret installation. Please run: `pip install cuml` to install.
2023-07-06 06:32:46,311:INFO:Engine for model 'knn' has not been set explicitly, hence returning None.
2023-07-06 06:32:46,311:WARNING:
'cuml' is a soft dependency and not included in the pycaret installation. Please run: `pip install cuml` to install.
2023-07-06 06:32:46,312:WARNING:
'cuml' is a soft dependency and not included in the pycaret installation. Please run: `pip install cuml` to install.
2023-07-06 06:32:46,314:INFO:Soft dependency imported: xgboost: 1.7.6
2023-07-06 06:32:46,438:WARNING:
'catboost' is a soft dependency and not included in the pycaret installation. Please run: `pip install catboost` to install.
Alternately, you can install this by running `pip install pycaret[models]`
2023-07-06 06:32:46,440:INFO:Engine successfully changes for model 'en' to 'sklearn'.
2023-07-06 06:32:46,440:WARNING:
'cuml' is a soft dependency and not included in the pycaret installation. Please run: `pip install cuml` to install.
2023-07-06 06:32:46,441:WARNING:
'cuml' is a soft dependency and not included in the pycaret installation. Please run: `pip install cuml` to install.
2023-07-06 06:32:46,456:WARNING:
'cuml' is a soft dependency and not included in the pycaret installation. Please run: `pip install cuml` to install.
2023-07-06 06:32:46,471:WARNING:
'cuml' is a soft dependency and not included in the pycaret installation. Please run: `pip install cuml` to install.
2023-07-06 06:32:46,635:INFO:Engine for model 'svm' has not been set explicitly, hence returning None.
2023-07-06 06:32:46,635:WARNING:
'cuml' is a soft dependency and not included in the pycaret installation. Please run: `pip install cuml` to install.
2023-07-06 06:32:46,751:INFO:Engine for model 'knn' has not been set explicitly, hence returning None.
2023-07-06 06:32:46,751:WARNING:
'cuml' is a soft dependency and not included in the pycaret installation. Please run: `pip install cuml` to install.
2023-07-06 06:32:46,751:WARNING:
'cuml' is a soft dependency and not included in the pycaret installation. Please run: `pip install cuml` to install.
2023-07-06 06:32:46,753:INFO:Soft dependency imported: xgboost: 1.7.6
2023-07-06 06:32:46,885:WARNING:
'catboost' is a soft dependency and not included in the pycaret installation. Please run: `pip install catboost` to install.
Alternately, you can install this by running `pip install pycaret[models]`
2023-07-06 06:32:46,886:WARNING:
'cuml' is a soft dependency and not included in the pycaret installation. Please run: `pip install cuml` to install.
2023-07-06 06:32:46,887:WARNING:
'cuml' is a soft dependency and not included in the pycaret installation. Please run: `pip install cuml` to install.
2023-07-06 06:32:46,902:WARNING:
'cuml' is a soft dependency and not included in the pycaret installation. Please run: `pip install cuml` to install.
2023-07-06 06:32:46,916:WARNING:
'cuml' is a soft dependency and not included in the pycaret installation. Please run: `pip install cuml` to install.
2023-07-06 06:32:47,086:INFO:Engine for model 'svm' has not been set explicitly, hence returning None.
2023-07-06 06:32:47,086:WARNING:
'cuml' is a soft dependency and not included in the pycaret installation. Please run: `pip install cuml` to install.
2023-07-06 06:32:47,195:INFO:Engine for model 'knn' has not been set explicitly, hence returning None.
2023-07-06 06:32:47,195:WARNING:
'cuml' is a soft dependency and not included in the pycaret installation. Please run: `pip install cuml` to install.
2023-07-06 06:32:47,195:WARNING:
'cuml' is a soft dependency and not included in the pycaret installation. Please run: `pip install cuml` to install.
2023-07-06 06:32:47,197:INFO:Soft dependency imported: xgboost: 1.7.6
2023-07-06 06:32:47,343:WARNING:
'catboost' is a soft dependency and not included in the pycaret installation. Please run: `pip install catboost` to install.
Alternately, you can install this by running `pip install pycaret[models]`
2023-07-06 06:32:47,345:INFO:Engine successfully changes for model 'knn' to 'sklearn'.
2023-07-06 06:32:47,347:WARNING:
'cuml' is a soft dependency and not included in the pycaret installation. Please run: `pip install cuml` to install.
2023-07-06 06:32:47,347:WARNING:
'cuml' is a soft dependency and not included in the pycaret installation. Please run: `pip install cuml` to install.
2023-07-06 06:32:47,361:WARNING:
'cuml' is a soft dependency and not included in the pycaret installation. Please run: `pip install cuml` to install.
2023-07-06 06:32:47,375:WARNING:
'cuml' is a soft dependency and not included in the pycaret installation. Please run: `pip install cuml` to install.
2023-07-06 06:32:47,545:INFO:Engine for model 'svm' has not been set explicitly, hence returning None.
2023-07-06 06:32:47,545:WARNING:
'cuml' is a soft dependency and not included in the pycaret installation. Please run: `pip install cuml` to install.
2023-07-06 06:32:47,685:WARNING:
'cuml' is a soft dependency and not included in the pycaret installation. Please run: `pip install cuml` to install.
2023-07-06 06:32:47,685:WARNING:
'cuml' is a soft dependency and not included in the pycaret installation. Please run: `pip install cuml` to install.
2023-07-06 06:32:47,686:INFO:Soft dependency imported: xgboost: 1.7.6
2023-07-06 06:32:47,804:WARNING:
'catboost' is a soft dependency and not included in the pycaret installation. Please run: `pip install catboost` to install.
Alternately, you can install this by running `pip install pycaret[models]`
2023-07-06 06:32:47,805:WARNING:
'cuml' is a soft dependency and not included in the pycaret installation. Please run: `pip install cuml` to install.
2023-07-06 06:32:47,805:WARNING:
'cuml' is a soft dependency and not included in the pycaret installation. Please run: `pip install cuml` to install.
2023-07-06 06:32:47,821:WARNING:
'cuml' is a soft dependency and not included in the pycaret installation. Please run: `pip install cuml` to install.
2023-07-06 06:32:47,836:WARNING:
'cuml' is a soft dependency and not included in the pycaret installation. Please run: `pip install cuml` to install.
2023-07-06 06:32:48,022:INFO:Engine for model 'svm' has not been set explicitly, hence returning None.
2023-07-06 06:32:48,023:WARNING:
'cuml' is a soft dependency and not included in the pycaret installation. Please run: `pip install cuml` to install.
2023-07-06 06:32:48,157:WARNING:
'cuml' is a soft dependency and not included in the pycaret installation. Please run: `pip install cuml` to install.
2023-07-06 06:32:48,158:WARNING:
'cuml' is a soft dependency and not included in the pycaret installation. Please run: `pip install cuml` to install.
2023-07-06 06:32:48,159:INFO:Soft dependency imported: xgboost: 1.7.6
2023-07-06 06:32:48,301:WARNING:
'catboost' is a soft dependency and not included in the pycaret installation. Please run: `pip install catboost` to install.
Alternately, you can install this by running `pip install pycaret[models]`
2023-07-06 06:32:48,302:INFO:Engine successfully changes for model 'svm' to 'sklearn'.
2023-07-06 06:32:48,303:WARNING:
'cuml' is a soft dependency and not included in the pycaret installation. Please run: `pip install cuml` to install.
2023-07-06 06:32:48,303:WARNING:
'cuml' is a soft dependency and not included in the pycaret installation. Please run: `pip install cuml` to install.
2023-07-06 06:32:48,317:WARNING:
'cuml' is a soft dependency and not included in the pycaret installation. Please run: `pip install cuml` to install.
2023-07-06 06:32:48,332:WARNING:
'cuml' is a soft dependency and not included in the pycaret installation. Please run: `pip install cuml` to install.
2023-07-06 06:32:48,508:WARNING:
'cuml' is a soft dependency and not included in the pycaret installation. Please run: `pip install cuml` to install.
2023-07-06 06:32:48,627:WARNING:
'cuml' is a soft dependency and not included in the pycaret installation. Please run: `pip install cuml` to install.
2023-07-06 06:32:48,627:WARNING:
'cuml' is a soft dependency and not included in the pycaret installation. Please run: `pip install cuml` to install.
2023-07-06 06:32:48,629:INFO:Soft dependency imported: xgboost: 1.7.6
2023-07-06 06:32:48,786:WARNING:
'catboost' is a soft dependency and not included in the pycaret installation. Please run: `pip install catboost` to install.
Alternately, you can install this by running `pip install pycaret[models]`
2023-07-06 06:32:48,787:WARNING:
'cuml' is a soft dependency and not included in the pycaret installation. Please run: `pip install cuml` to install.
2023-07-06 06:32:48,788:WARNING:
'cuml' is a soft dependency and not included in the pycaret installation. Please run: `pip install cuml` to install.
2023-07-06 06:32:48,804:WARNING:
'cuml' is a soft dependency and not included in the pycaret installation. Please run: `pip install cuml` to install.
2023-07-06 06:32:48,820:WARNING:
'cuml' is a soft dependency and not included in the pycaret installation. Please run: `pip install cuml` to install.
2023-07-06 06:32:48,983:WARNING:
'cuml' is a soft dependency and not included in the pycaret installation. Please run: `pip install cuml` to install.
2023-07-06 06:32:49,081:WARNING:
'cuml' is a soft dependency and not included in the pycaret installation. Please run: `pip install cuml` to install.
2023-07-06 06:32:49,082:WARNING:
'cuml' is a soft dependency and not included in the pycaret installation. Please run: `pip install cuml` to install.
2023-07-06 06:32:49,083:INFO:Soft dependency imported: xgboost: 1.7.6
2023-07-06 06:32:49,466:WARNING:
'catboost' is a soft dependency and not included in the pycaret installation. Please run: `pip install catboost` to install.
Alternately, you can install this by running `pip install pycaret[models]`
2023-07-06 06:32:49,506:INFO:Preparing preprocessing pipeline...
2023-07-06 06:32:49,506:INFO:Set up simple imputation.
2023-07-06 06:32:49,506:INFO:Set up feature normalization.
2023-07-06 06:32:49,666:INFO:Finished creating preprocessing pipeline.
2023-07-06 06:32:49,694:INFO:Pipeline: Pipeline(memory=FastMemory(location=C:\Users\heses\AppData\Local\Temp\joblib),
         steps=[('numerical_imputer',
                 TransformerWrapper(include=['Number_billion_miles',
                                             'Percentage_Speeding',
                                             'Percentage_Alcohol',
                                             'Percentage_Not_Distracted',
                                             'Percentage_Accidents',
                                             'Losses_insured_driver'],
                                    transformer=SimpleImputer())),
                ('categorical_imputer',
                 TransformerWrapper(include=[],
                                    transformer=SimpleImputer(strategy='most_frequent'))),
                ('normalize', TransformerWrapper(transformer=MinMaxScaler()))])
2023-07-06 06:32:49,695:INFO:Creating final display dataframe.
2023-07-06 06:32:50,152:INFO:Setup _display_container:                     Description                   Value
0                    Session id                     362
1                        Target  Car_Insurance_Premiums
2                   Target type              Regression
3           Original data shape                (170, 7)
4        Transformed data shape                (170, 7)
5   Transformed train set shape                (118, 7)
6    Transformed test set shape                 (52, 7)
7              Numeric features                       6
8                    Preprocess                    True
9               Imputation type                  simple
10           Numeric imputation                    mean
11       Categorical imputation                    mode
12                    Normalize                    True
13             Normalize method                  minmax
14               Fold Generator                   KFold
15                  Fold Number                      10
16                     CPU Jobs                      -1
17                      Use GPU                    True
18               Log Experiment                   False
19              Experiment Name        reg-default-name
20                          USI                    7113
2023-07-06 06:32:50,184:WARNING:
'cuml' is a soft dependency and not included in the pycaret installation. Please run: `pip install cuml` to install.
2023-07-06 06:32:50,185:WARNING:
'cuml' is a soft dependency and not included in the pycaret installation. Please run: `pip install cuml` to install.
2023-07-06 06:32:50,201:WARNING:
'cuml' is a soft dependency and not included in the pycaret installation. Please run: `pip install cuml` to install.
2023-07-06 06:32:50,238:WARNING:
'cuml' is a soft dependency and not included in the pycaret installation. Please run: `pip install cuml` to install.
2023-07-06 06:32:50,644:WARNING:
'cuml' is a soft dependency and not included in the pycaret installation. Please run: `pip install cuml` to install.
2023-07-06 06:32:50,892:WARNING:
'cuml' is a soft dependency and not included in the pycaret installation. Please run: `pip install cuml` to install.
2023-07-06 06:32:50,893:WARNING:
'cuml' is a soft dependency and not included in the pycaret installation. Please run: `pip install cuml` to install.
2023-07-06 06:32:50,896:INFO:Soft dependency imported: xgboost: 1.7.6
2023-07-06 06:32:51,172:WARNING:
'catboost' is a soft dependency and not included in the pycaret installation. Please run: `pip install catboost` to install.
Alternately, you can install this by running `pip install pycaret[models]`
2023-07-06 06:32:51,174:WARNING:
'cuml' is a soft dependency and not included in the pycaret installation. Please run: `pip install cuml` to install.
2023-07-06 06:32:51,174:WARNING:
'cuml' is a soft dependency and not included in the pycaret installation. Please run: `pip install cuml` to install.
2023-07-06 06:32:51,188:WARNING:
'cuml' is a soft dependency and not included in the pycaret installation. Please run: `pip install cuml` to install.
2023-07-06 06:32:51,227:WARNING:
'cuml' is a soft dependency and not included in the pycaret installation. Please run: `pip install cuml` to install.
2023-07-06 06:32:51,480:WARNING:
'cuml' is a soft dependency and not included in the pycaret installation. Please run: `pip install cuml` to install.
2023-07-06 06:32:51,582:WARNING:
'cuml' is a soft dependency and not included in the pycaret installation. Please run: `pip install cuml` to install.
2023-07-06 06:32:51,583:WARNING:
'cuml' is a soft dependency and not included in the pycaret installation. Please run: `pip install cuml` to install.
2023-07-06 06:32:51,583:INFO:Soft dependency imported: xgboost: 1.7.6
2023-07-06 06:32:51,723:WARNING:
'catboost' is a soft dependency and not included in the pycaret installation. Please run: `pip install catboost` to install.
Alternately, you can install this by running `pip install pycaret[models]`
2023-07-06 06:32:51,725:INFO:setup() successfully completed in 24.36s...............
2023-07-06 06:32:51,742:INFO:Initializing compare_models()
2023-07-06 06:32:51,743:INFO:compare_models(self=<pycaret.regression.oop.RegressionExperiment object at 0x000002228879D660>, include=['gbr', 'dt', 'et', 'rf', 'lightgbm'], fold=None, round=4, cross_validation=True, sort=R2, n_select=1, budget_time=None, turbo=True, errors=ignore, fit_kwargs=None, groups=None, experiment_custom_tags=None, probability_threshold=None, verbose=True, parallel=None, caller_params={'self': <pycaret.regression.oop.RegressionExperiment object at 0x000002228879D660>, 'include': ['gbr', 'dt', 'et', 'rf', 'lightgbm'], 'exclude': None, 'fold': None, 'round': 4, 'cross_validation': True, 'sort': 'R2', 'n_select': 1, 'budget_time': None, 'turbo': True, 'errors': 'ignore', 'fit_kwargs': None, 'groups': None, 'experiment_custom_tags': None, 'engine': None, 'verbose': True, 'parallel': None, '__class__': <class 'pycaret.regression.oop.RegressionExperiment'>}, exclude=None)
2023-07-06 06:32:51,743:INFO:Checking exceptions
2023-07-06 06:32:51,751:INFO:Preparing display monitor
2023-07-06 06:32:51,888:INFO:Initializing Gradient Boosting Regressor
2023-07-06 06:32:51,888:INFO:Total runtime is 0.0 minutes
2023-07-06 06:32:51,905:INFO:SubProcess create_model() called ==================================
2023-07-06 06:32:51,906:INFO:Initializing create_model()
2023-07-06 06:32:51,907:INFO:create_model(self=<pycaret.regression.oop.RegressionExperiment object at 0x000002228879D660>, estimator=gbr, fold=KFold(n_splits=10, random_state=None, shuffle=False), round=4, cross_validation=True, predict=True, fit_kwargs={}, groups=None, refit=False, probability_threshold=None, experiment_custom_tags=None, verbose=False, system=False, add_to_model_list=True, metrics=None, display=<pycaret.internal.display.display.CommonDisplay object at 0x000002228866DD50>, model_only=True, return_train_score=False, kwargs={})
2023-07-06 06:32:51,908:INFO:Checking exceptions
2023-07-06 06:32:51,909:INFO:Importing libraries
2023-07-06 06:32:51,911:INFO:Copying training dataset
2023-07-06 06:32:51,934:INFO:Defining folds
2023-07-06 06:32:51,934:INFO:Declaring metric variables
2023-07-06 06:32:51,951:INFO:Importing untrained model
2023-07-06 06:32:51,964:INFO:Gradient Boosting Regressor Imported successfully
2023-07-06 06:32:51,992:INFO:Starting cross validation
2023-07-06 06:32:52,272:INFO:Cross validating with KFold(n_splits=10, random_state=None, shuffle=False), n_jobs=1
2023-07-06 06:33:07,843:INFO:Calculating mean and std
2023-07-06 06:33:07,853:INFO:Creating metrics dataframe
2023-07-06 06:33:08,679:INFO:Uploading results into container
2023-07-06 06:33:08,681:INFO:Uploading model into container now
2023-07-06 06:33:08,730:INFO:_master_model_container: 1
2023-07-06 06:33:08,730:INFO:_display_container: 2
2023-07-06 06:33:08,731:INFO:GradientBoostingRegressor(random_state=362)
2023-07-06 06:33:08,732:INFO:create_model() successfully completed......................................
2023-07-06 06:33:09,085:INFO:SubProcess create_model() end ==================================
2023-07-06 06:33:09,085:INFO:Creating metrics dataframe
2023-07-06 06:33:09,185:INFO:Initializing Decision Tree Regressor
2023-07-06 06:33:09,186:INFO:Total runtime is 0.28829277753829957 minutes
2023-07-06 06:33:09,211:INFO:SubProcess create_model() called ==================================
2023-07-06 06:33:09,214:INFO:Initializing create_model()
2023-07-06 06:33:09,214:INFO:create_model(self=<pycaret.regression.oop.RegressionExperiment object at 0x000002228879D660>, estimator=dt, fold=KFold(n_splits=10, random_state=None, shuffle=False), round=4, cross_validation=True, predict=True, fit_kwargs={}, groups=None, refit=False, probability_threshold=None, experiment_custom_tags=None, verbose=False, system=False, add_to_model_list=True, metrics=None, display=<pycaret.internal.display.display.CommonDisplay object at 0x000002228866DD50>, model_only=True, return_train_score=False, kwargs={})
2023-07-06 06:33:09,215:INFO:Checking exceptions
2023-07-06 06:33:09,217:INFO:Importing libraries
2023-07-06 06:33:09,218:INFO:Copying training dataset
2023-07-06 06:33:09,243:INFO:Defining folds
2023-07-06 06:33:09,244:INFO:Declaring metric variables
2023-07-06 06:33:09,267:INFO:Importing untrained model
2023-07-06 06:33:09,289:INFO:Decision Tree Regressor Imported successfully
2023-07-06 06:33:09,361:INFO:Starting cross validation
2023-07-06 06:33:09,367:INFO:Cross validating with KFold(n_splits=10, random_state=None, shuffle=False), n_jobs=1
2023-07-06 06:33:18,097:INFO:Calculating mean and std
2023-07-06 06:33:18,101:INFO:Creating metrics dataframe
2023-07-06 06:33:18,741:INFO:Uploading results into container
2023-07-06 06:33:18,744:INFO:Uploading model into container now
2023-07-06 06:33:18,746:INFO:_master_model_container: 2
2023-07-06 06:33:18,746:INFO:_display_container: 2
2023-07-06 06:33:18,747:INFO:DecisionTreeRegressor(random_state=362)
2023-07-06 06:33:18,748:INFO:create_model() successfully completed......................................
2023-07-06 06:33:19,212:INFO:SubProcess create_model() end ==================================
2023-07-06 06:33:19,213:INFO:Creating metrics dataframe
2023-07-06 06:33:19,270:INFO:Initializing Extra Trees Regressor
2023-07-06 06:33:19,271:INFO:Total runtime is 0.45638824701309205 minutes
2023-07-06 06:33:19,291:INFO:SubProcess create_model() called ==================================
2023-07-06 06:33:19,292:INFO:Initializing create_model()
2023-07-06 06:33:19,293:INFO:create_model(self=<pycaret.regression.oop.RegressionExperiment object at 0x000002228879D660>, estimator=et, fold=KFold(n_splits=10, random_state=None, shuffle=False), round=4, cross_validation=True, predict=True, fit_kwargs={}, groups=None, refit=False, probability_threshold=None, experiment_custom_tags=None, verbose=False, system=False, add_to_model_list=True, metrics=None, display=<pycaret.internal.display.display.CommonDisplay object at 0x000002228866DD50>, model_only=True, return_train_score=False, kwargs={})
2023-07-06 06:33:19,293:INFO:Checking exceptions
2023-07-06 06:33:19,294:INFO:Importing libraries
2023-07-06 06:33:19,294:INFO:Copying training dataset
2023-07-06 06:33:19,312:INFO:Defining folds
2023-07-06 06:33:19,313:INFO:Declaring metric variables
2023-07-06 06:33:19,329:INFO:Importing untrained model
2023-07-06 06:33:19,353:INFO:Extra Trees Regressor Imported successfully
2023-07-06 06:33:19,401:INFO:Starting cross validation
2023-07-06 06:33:19,407:INFO:Cross validating with KFold(n_splits=10, random_state=None, shuffle=False), n_jobs=1
2023-07-06 06:33:41,332:INFO:Calculating mean and std
2023-07-06 06:33:41,340:INFO:Creating metrics dataframe
2023-07-06 06:33:42,024:INFO:Uploading results into container
2023-07-06 06:33:42,026:INFO:Uploading model into container now
2023-07-06 06:33:42,027:INFO:_master_model_container: 3
2023-07-06 06:33:42,029:INFO:_display_container: 2
2023-07-06 06:33:42,030:INFO:ExtraTreesRegressor(n_jobs=-1, random_state=362)
2023-07-06 06:33:42,031:INFO:create_model() successfully completed......................................
2023-07-06 06:33:42,464:INFO:SubProcess create_model() end ==================================
2023-07-06 06:33:42,464:INFO:Creating metrics dataframe
2023-07-06 06:33:42,508:INFO:Initializing Random Forest Regressor
2023-07-06 06:33:42,509:INFO:Total runtime is 0.8436705231666566 minutes
2023-07-06 06:33:42,537:INFO:SubProcess create_model() called ==================================
2023-07-06 06:33:42,539:INFO:Initializing create_model()
2023-07-06 06:33:42,540:INFO:create_model(self=<pycaret.regression.oop.RegressionExperiment object at 0x000002228879D660>, estimator=rf, fold=KFold(n_splits=10, random_state=None, shuffle=False), round=4, cross_validation=True, predict=True, fit_kwargs={}, groups=None, refit=False, probability_threshold=None, experiment_custom_tags=None, verbose=False, system=False, add_to_model_list=True, metrics=None, display=<pycaret.internal.display.display.CommonDisplay object at 0x000002228866DD50>, model_only=True, return_train_score=False, kwargs={})
2023-07-06 06:33:42,540:INFO:Checking exceptions
2023-07-06 06:33:42,541:INFO:Importing libraries
2023-07-06 06:33:42,541:INFO:Copying training dataset
2023-07-06 06:33:42,570:INFO:Defining folds
2023-07-06 06:33:42,571:INFO:Declaring metric variables
2023-07-06 06:33:42,598:INFO:Importing untrained model
2023-07-06 06:33:42,624:INFO:Random Forest Regressor Imported successfully
2023-07-06 06:33:42,682:INFO:Starting cross validation
2023-07-06 06:33:42,688:INFO:Cross validating with KFold(n_splits=10, random_state=None, shuffle=False), n_jobs=1
2023-07-06 06:34:09,271:INFO:Calculating mean and std
2023-07-06 06:34:09,276:INFO:Creating metrics dataframe
2023-07-06 06:34:09,973:INFO:Uploading results into container
2023-07-06 06:34:09,976:INFO:Uploading model into container now
2023-07-06 06:34:09,977:INFO:_master_model_container: 4
2023-07-06 06:34:09,978:INFO:_display_container: 2
2023-07-06 06:34:09,979:INFO:RandomForestRegressor(n_jobs=-1, random_state=362)
2023-07-06 06:34:09,980:INFO:create_model() successfully completed......................................
2023-07-06 06:34:10,276:INFO:SubProcess create_model() end ==================================
2023-07-06 06:34:10,276:INFO:Creating metrics dataframe
2023-07-06 06:34:10,324:INFO:Initializing Light Gradient Boosting Machine
2023-07-06 06:34:10,325:INFO:Total runtime is 1.3072773019472759 minutes
2023-07-06 06:34:10,345:INFO:SubProcess create_model() called ==================================
2023-07-06 06:34:10,346:INFO:Initializing create_model()
2023-07-06 06:34:10,346:INFO:create_model(self=<pycaret.regression.oop.RegressionExperiment object at 0x000002228879D660>, estimator=lightgbm, fold=KFold(n_splits=10, random_state=None, shuffle=False), round=4, cross_validation=True, predict=True, fit_kwargs={}, groups=None, refit=False, probability_threshold=None, experiment_custom_tags=None, verbose=False, system=False, add_to_model_list=True, metrics=None, display=<pycaret.internal.display.display.CommonDisplay object at 0x000002228866DD50>, model_only=True, return_train_score=False, kwargs={})
2023-07-06 06:34:10,347:INFO:Checking exceptions
2023-07-06 06:34:10,347:INFO:Importing libraries
2023-07-06 06:34:10,348:INFO:Copying training dataset
2023-07-06 06:34:10,365:INFO:Defining folds
2023-07-06 06:34:10,366:INFO:Declaring metric variables
2023-07-06 06:34:10,384:INFO:Importing untrained model
2023-07-06 06:34:10,407:INFO:Light Gradient Boosting Machine Imported successfully
2023-07-06 06:34:10,452:INFO:Starting cross validation
2023-07-06 06:34:10,460:INFO:Cross validating with KFold(n_splits=10, random_state=None, shuffle=False), n_jobs=1
2023-07-06 06:34:29,147:INFO:Calculating mean and std
2023-07-06 06:34:29,152:INFO:Creating metrics dataframe
2023-07-06 06:34:29,955:INFO:Uploading results into container
2023-07-06 06:34:29,959:INFO:Uploading model into container now
2023-07-06 06:34:29,962:INFO:_master_model_container: 5
2023-07-06 06:34:29,962:INFO:_display_container: 2
2023-07-06 06:34:29,964:INFO:LGBMRegressor(device='gpu', random_state=362)
2023-07-06 06:34:29,965:INFO:create_model() successfully completed......................................
2023-07-06 06:34:30,348:INFO:SubProcess create_model() end ==================================
2023-07-06 06:34:30,349:INFO:Creating metrics dataframe
2023-07-06 06:34:30,462:INFO:Initializing create_model()
2023-07-06 06:34:30,463:INFO:create_model(self=<pycaret.regression.oop.RegressionExperiment object at 0x000002228879D660>, estimator=GradientBoostingRegressor(random_state=362), fold=KFold(n_splits=10, random_state=None, shuffle=False), round=4, cross_validation=False, predict=False, fit_kwargs={}, groups=None, refit=True, probability_threshold=None, experiment_custom_tags=None, verbose=False, system=False, add_to_model_list=True, metrics=None, display=None, model_only=True, return_train_score=False, kwargs={})
2023-07-06 06:34:30,463:INFO:Checking exceptions
2023-07-06 06:34:30,471:INFO:Importing libraries
2023-07-06 06:34:30,472:INFO:Copying training dataset
2023-07-06 06:34:30,491:INFO:Defining folds
2023-07-06 06:34:30,493:INFO:Declaring metric variables
2023-07-06 06:34:30,495:INFO:Importing untrained model
2023-07-06 06:34:30,495:INFO:Declaring custom model
2023-07-06 06:34:30,498:INFO:Gradient Boosting Regressor Imported successfully
2023-07-06 06:34:30,504:INFO:Cross validation set to False
2023-07-06 06:34:30,504:INFO:Fitting Model
2023-07-06 06:34:31,882:INFO:GradientBoostingRegressor(random_state=362)
2023-07-06 06:34:31,882:INFO:create_model() successfully completed......................................
2023-07-06 06:34:32,244:INFO:_master_model_container: 5
2023-07-06 06:34:32,245:INFO:_display_container: 2
2023-07-06 06:34:32,246:INFO:GradientBoostingRegressor(random_state=362)
2023-07-06 06:34:32,248:INFO:compare_models() successfully completed......................................
2023-07-06 06:34:32,342:INFO:Initializing plot_model()
2023-07-06 06:34:32,342:INFO:plot_model(plot=residuals, fold=None, verbose=True, display=None, display_format=None, estimator=GradientBoostingRegressor(random_state=362), feature_name=None, fit_kwargs=None, groups=None, label=False, plot_kwargs=None, save=False, scale=1, self=<pycaret.regression.oop.RegressionExperiment object at 0x000002228879D660>, system=True)
2023-07-06 06:34:32,343:INFO:Checking exceptions
2023-07-06 06:34:32,367:INFO:Preloading libraries
2023-07-06 06:34:32,451:INFO:Copying training dataset
2023-07-06 06:34:32,451:INFO:Plot type: residuals
2023-07-06 06:34:33,250:INFO:Fitting Model
2023-07-06 06:34:33,254:WARNING:C:\ProgramData\anaconda3\lib\site-packages\sklearn\base.py:420: UserWarning: X does not have valid feature names, but GradientBoostingRegressor was fitted with feature names
  warnings.warn(

2023-07-06 06:34:33,508:INFO:Scoring test/hold-out set
2023-07-06 06:34:36,597:INFO:Visual Rendered Successfully
2023-07-06 06:34:37,030:INFO:plot_model() successfully completed......................................
2023-07-06 06:34:37,057:INFO:Initializing plot_model()
2023-07-06 06:34:37,058:INFO:plot_model(plot=error, fold=None, verbose=True, display=None, display_format=None, estimator=GradientBoostingRegressor(random_state=362), feature_name=None, fit_kwargs=None, groups=None, label=False, plot_kwargs=None, save=False, scale=1, self=<pycaret.regression.oop.RegressionExperiment object at 0x000002228879D660>, system=True)
2023-07-06 06:34:37,058:INFO:Checking exceptions
2023-07-06 06:34:37,079:INFO:Preloading libraries
2023-07-06 06:34:37,131:INFO:Copying training dataset
2023-07-06 06:34:37,131:INFO:Plot type: error
2023-07-06 06:34:37,553:INFO:Fitting Model
2023-07-06 06:34:37,554:WARNING:C:\ProgramData\anaconda3\lib\site-packages\sklearn\base.py:420: UserWarning: X does not have valid feature names, but GradientBoostingRegressor was fitted with feature names
  warnings.warn(

2023-07-06 06:34:37,554:INFO:Scoring test/hold-out set
2023-07-06 06:34:39,272:INFO:Visual Rendered Successfully
2023-07-06 06:34:39,630:INFO:plot_model() successfully completed......................................
2023-07-06 06:34:39,659:INFO:Initializing plot_model()
2023-07-06 06:34:39,659:INFO:plot_model(plot=feature, fold=None, verbose=True, display=None, display_format=None, estimator=GradientBoostingRegressor(random_state=362), feature_name=None, fit_kwargs=None, groups=None, label=False, plot_kwargs=None, save=False, scale=1, self=<pycaret.regression.oop.RegressionExperiment object at 0x000002228879D660>, system=True)
2023-07-06 06:34:39,660:INFO:Checking exceptions
2023-07-06 06:34:39,681:INFO:Preloading libraries
2023-07-06 06:34:39,741:INFO:Copying training dataset
2023-07-06 06:34:39,742:INFO:Plot type: feature
2023-07-06 06:34:39,743:WARNING:No coef_ found. Trying feature_importances_
2023-07-06 06:34:40,730:INFO:Visual Rendered Successfully
2023-07-06 06:34:41,127:INFO:plot_model() successfully completed......................................
2023-07-06 06:34:41,162:INFO:Initializing create_model()
2023-07-06 06:34:41,163:INFO:create_model(self=<pycaret.regression.oop.RegressionExperiment object at 0x000002228879D660>, estimator=gbr, fold=None, round=4, cross_validation=True, predict=True, fit_kwargs=None, groups=None, refit=True, probability_threshold=None, experiment_custom_tags=None, verbose=True, system=True, add_to_model_list=True, metrics=None, display=None, model_only=True, return_train_score=False, kwargs={})
2023-07-06 06:34:41,163:INFO:Checking exceptions
2023-07-06 06:34:41,260:INFO:Importing libraries
2023-07-06 06:34:41,261:INFO:Copying training dataset
2023-07-06 06:34:41,284:INFO:Defining folds
2023-07-06 06:34:41,285:INFO:Declaring metric variables
2023-07-06 06:34:41,308:INFO:Importing untrained model
2023-07-06 06:34:41,332:INFO:Gradient Boosting Regressor Imported successfully
2023-07-06 06:34:41,376:INFO:Starting cross validation
2023-07-06 06:34:41,380:INFO:Cross validating with KFold(n_splits=10, random_state=None, shuffle=False), n_jobs=1
2023-07-06 06:34:53,387:INFO:Calculating mean and std
2023-07-06 06:34:53,392:INFO:Creating metrics dataframe
2023-07-06 06:34:53,416:INFO:Finalizing model
2023-07-06 06:34:54,341:INFO:Uploading results into container
2023-07-06 06:34:54,344:INFO:Uploading model into container now
2023-07-06 06:34:54,390:INFO:_master_model_container: 6
2023-07-06 06:34:54,391:INFO:_display_container: 3
2023-07-06 06:34:54,393:INFO:GradientBoostingRegressor(random_state=362)
2023-07-06 06:34:54,394:INFO:create_model() successfully completed......................................
2023-07-06 06:34:54,752:INFO:Initializing tune_model()
2023-07-06 06:34:54,753:INFO:tune_model(estimator=GradientBoostingRegressor(random_state=362), fold=None, round=4, n_iter=10, custom_grid=None, optimize=R2, custom_scorer=None, search_library=optuna, search_algorithm=None, early_stopping=False, early_stopping_max_iters=10, choose_better=True, fit_kwargs=None, groups=None, return_tuner=False, verbose=True, tuner_verbose=True, return_train_score=False, kwargs={}, self=<pycaret.regression.oop.RegressionExperiment object at 0x000002228879D660>)
2023-07-06 06:34:54,754:INFO:Checking exceptions
2023-07-06 06:34:54,755:INFO:Soft dependency imported: optuna: 3.2.0
2023-07-06 06:34:56,487:INFO:Copying training dataset
2023-07-06 06:34:56,506:INFO:Checking base model
2023-07-06 06:34:56,508:INFO:Base model : Gradient Boosting Regressor
2023-07-06 06:34:56,527:INFO:Declaring metric variables
2023-07-06 06:34:56,547:INFO:Defining Hyperparameters
2023-07-06 06:34:56,918:INFO:Tuning with n_jobs=-1
2023-07-06 06:34:56,956:WARNING:C:\Users\heses\AppData\Roaming\Python\Python310\site-packages\optuna\samplers\_tpe\sampler.py:278: ExperimentalWarning: ``multivariate`` option is an experimental feature. The interface can change in the future.
  warnings.warn(

2023-07-06 06:34:56,956:WARNING:C:\Users\heses\AppData\Roaming\Python\Python310\site-packages\optuna\samplers\_tpe\sampler.py:297: ExperimentalWarning: ``constant_liar`` option is an experimental feature. The interface can change in the future.
  warnings.warn(

2023-07-06 06:34:56,958:INFO:Initializing optuna.integration.OptunaSearchCV
2023-07-06 06:34:57,017:WARNING:C:\Users\heses\AppData\Roaming\Python\Python310\site-packages\pycaret\internal\pycaret_experiment\supervised_experiment.py:2439: ExperimentalWarning: OptunaSearchCV is experimental (supported from v0.17.0). The interface can change in the future.
  model_grid = optuna.integration.OptunaSearchCV(  # type: ignore

2023-07-06 06:35:02,812:WARNING:C:\Users\heses\AppData\Roaming\Python\Python310\site-packages\pycaret\internal\pipeline.py:260: UserWarning: Persisting input arguments took 0.58s to run.If this happens often in your code, it can cause performance problems (results will be correct in all cases). The reason for this is probably some large input arguments for a wrapped function.
  fitted_estimator = self._memory_fit(

2023-07-06 06:35:07,614:WARNING:C:\Users\heses\AppData\Roaming\Python\Python310\site-packages\pycaret\internal\pipeline.py:310: UserWarning: Persisting input arguments took 0.66s to run.If this happens often in your code, it can cause performance problems (results will be correct in all cases). The reason for this is probably some large input arguments for a wrapped function.
  X, _ = self._memory_full_transform(self, X, None, with_final=False)

2023-07-06 06:35:08,576:WARNING:C:\Users\heses\AppData\Roaming\Python\Python310\site-packages\pycaret\internal\pipeline.py:260: UserWarning: Persisting input arguments took 0.57s to run.If this happens often in your code, it can cause performance problems (results will be correct in all cases). The reason for this is probably some large input arguments for a wrapped function.
  fitted_estimator = self._memory_fit(

2023-07-06 06:35:17,136:WARNING:C:\Users\heses\AppData\Roaming\Python\Python310\site-packages\pycaret\internal\pipeline.py:260: UserWarning: Persisting input arguments took 0.52s to run.If this happens often in your code, it can cause performance problems (results will be correct in all cases). The reason for this is probably some large input arguments for a wrapped function.
  fitted_estimator = self._memory_fit(

2023-07-06 06:35:18,455:WARNING:C:\Users\heses\AppData\Roaming\Python\Python310\site-packages\pycaret\internal\pipeline.py:310: UserWarning: Persisting input arguments took 0.62s to run.If this happens often in your code, it can cause performance problems (results will be correct in all cases). The reason for this is probably some large input arguments for a wrapped function.
  X, _ = self._memory_full_transform(self, X, None, with_final=False)

2023-07-06 06:35:22,419:WARNING:C:\Users\heses\AppData\Roaming\Python\Python310\site-packages\pycaret\internal\pipeline.py:310: UserWarning: Persisting input arguments took 0.79s to run.If this happens often in your code, it can cause performance problems (results will be correct in all cases). The reason for this is probably some large input arguments for a wrapped function.
  X, _ = self._memory_full_transform(self, X, None, with_final=False)

2023-07-06 06:35:26,456:WARNING:C:\Users\heses\AppData\Roaming\Python\Python310\site-packages\pycaret\internal\pipeline.py:260: UserWarning: Persisting input arguments took 0.63s to run.If this happens often in your code, it can cause performance problems (results will be correct in all cases). The reason for this is probably some large input arguments for a wrapped function.
  fitted_estimator = self._memory_fit(

2023-07-06 06:35:30,002:WARNING:C:\Users\heses\AppData\Roaming\Python\Python310\site-packages\pycaret\internal\pipeline.py:260: UserWarning: Persisting input arguments took 0.61s to run.If this happens often in your code, it can cause performance problems (results will be correct in all cases). The reason for this is probably some large input arguments for a wrapped function.
  fitted_estimator = self._memory_fit(

2023-07-06 06:35:31,904:WARNING:C:\Users\heses\AppData\Roaming\Python\Python310\site-packages\pycaret\internal\pipeline.py:310: UserWarning: Persisting input arguments took 0.65s to run.If this happens often in your code, it can cause performance problems (results will be correct in all cases). The reason for this is probably some large input arguments for a wrapped function.
  X, _ = self._memory_full_transform(self, X, None, with_final=False)

2023-07-06 06:35:37,381:WARNING:C:\Users\heses\AppData\Roaming\Python\Python310\site-packages\pycaret\internal\pipeline.py:260: UserWarning: Persisting input arguments took 0.52s to run.If this happens often in your code, it can cause performance problems (results will be correct in all cases). The reason for this is probably some large input arguments for a wrapped function.
  fitted_estimator = self._memory_fit(

2023-07-06 06:35:41,995:WARNING:C:\Users\heses\AppData\Roaming\Python\Python310\site-packages\pycaret\internal\pipeline.py:260: UserWarning: Persisting input arguments took 0.62s to run.If this happens often in your code, it can cause performance problems (results will be correct in all cases). The reason for this is probably some large input arguments for a wrapped function.
  fitted_estimator = self._memory_fit(

2023-07-06 06:35:44,989:WARNING:C:\Users\heses\AppData\Roaming\Python\Python310\site-packages\pycaret\internal\pipeline.py:260: UserWarning: Persisting input arguments took 0.53s to run.If this happens often in your code, it can cause performance problems (results will be correct in all cases). The reason for this is probably some large input arguments for a wrapped function.
  fitted_estimator = self._memory_fit(

2023-07-06 06:35:53,096:WARNING:C:\Users\heses\AppData\Roaming\Python\Python310\site-packages\pycaret\internal\pipeline.py:260: UserWarning: Persisting input arguments took 0.59s to run.If this happens often in your code, it can cause performance problems (results will be correct in all cases). The reason for this is probably some large input arguments for a wrapped function.
  fitted_estimator = self._memory_fit(

2023-07-06 06:35:58,206:WARNING:C:\Users\heses\AppData\Roaming\Python\Python310\site-packages\pycaret\internal\pipeline.py:260: UserWarning: Persisting input arguments took 1.07s to run.If this happens often in your code, it can cause performance problems (results will be correct in all cases). The reason for this is probably some large input arguments for a wrapped function.
  fitted_estimator = self._memory_fit(

2023-07-06 06:36:05,817:WARNING:C:\Users\heses\AppData\Roaming\Python\Python310\site-packages\pycaret\internal\pipeline.py:310: UserWarning: Persisting input arguments took 0.64s to run.If this happens often in your code, it can cause performance problems (results will be correct in all cases). The reason for this is probably some large input arguments for a wrapped function.
  X, _ = self._memory_full_transform(self, X, None, with_final=False)

2023-07-06 06:36:07,671:WARNING:C:\Users\heses\AppData\Roaming\Python\Python310\site-packages\pycaret\internal\pipeline.py:260: UserWarning: Persisting input arguments took 0.78s to run.If this happens often in your code, it can cause performance problems (results will be correct in all cases). The reason for this is probably some large input arguments for a wrapped function.
  fitted_estimator = self._memory_fit(

2023-07-06 06:36:09,074:WARNING:C:\Users\heses\AppData\Roaming\Python\Python310\site-packages\pycaret\internal\pipeline.py:310: UserWarning: Persisting input arguments took 0.64s to run.If this happens often in your code, it can cause performance problems (results will be correct in all cases). The reason for this is probably some large input arguments for a wrapped function.
  X, _ = self._memory_full_transform(self, X, None, with_final=False)

2023-07-06 06:36:13,059:WARNING:C:\Users\heses\AppData\Roaming\Python\Python310\site-packages\pycaret\internal\pipeline.py:260: UserWarning: Persisting input arguments took 0.54s to run.If this happens often in your code, it can cause performance problems (results will be correct in all cases). The reason for this is probably some large input arguments for a wrapped function.
  fitted_estimator = self._memory_fit(

2023-07-06 06:36:18,918:WARNING:C:\Users\heses\AppData\Roaming\Python\Python310\site-packages\pycaret\internal\pipeline.py:260: UserWarning: Persisting input arguments took 0.61s to run.If this happens often in your code, it can cause performance problems (results will be correct in all cases). The reason for this is probably some large input arguments for a wrapped function.
  fitted_estimator = self._memory_fit(

2023-07-06 06:36:27,105:WARNING:C:\Users\heses\AppData\Roaming\Python\Python310\site-packages\pycaret\internal\pipeline.py:310: UserWarning: Persisting input arguments took 0.59s to run.If this happens often in your code, it can cause performance problems (results will be correct in all cases). The reason for this is probably some large input arguments for a wrapped function.
  X, _ = self._memory_full_transform(self, X, None, with_final=False)

2023-07-06 06:36:34,364:WARNING:C:\Users\heses\AppData\Roaming\Python\Python310\site-packages\pycaret\internal\pipeline.py:260: UserWarning: Persisting input arguments took 0.86s to run.If this happens often in your code, it can cause performance problems (results will be correct in all cases). The reason for this is probably some large input arguments for a wrapped function.
  fitted_estimator = self._memory_fit(

2023-07-06 06:36:35,266:WARNING:C:\Users\heses\AppData\Roaming\Python\Python310\site-packages\pycaret\internal\pipeline.py:310: UserWarning: Persisting input arguments took 0.73s to run.If this happens often in your code, it can cause performance problems (results will be correct in all cases). The reason for this is probably some large input arguments for a wrapped function.
  X, _ = self._memory_full_transform(self, X, None, with_final=False)

2023-07-06 06:37:25,939:WARNING:C:\Users\heses\AppData\Roaming\Python\Python310\site-packages\pycaret\internal\pipeline.py:260: UserWarning: Persisting input arguments took 0.50s to run.If this happens often in your code, it can cause performance problems (results will be correct in all cases). The reason for this is probably some large input arguments for a wrapped function.
  fitted_estimator = self._memory_fit(

2023-07-06 06:38:02,337:INFO:best_params: {'actual_estimator__n_estimators': 143, 'actual_estimator__learning_rate': 0.3119568407520444, 'actual_estimator__subsample': 0.6336601991330177, 'actual_estimator__min_samples_split': 10, 'actual_estimator__min_samples_leaf': 4, 'actual_estimator__max_depth': 7, 'actual_estimator__max_features': 0.7200685347573283, 'actual_estimator__min_impurity_decrease': 0.0001589832685291379}
2023-07-06 06:38:02,339:WARNING:Couldn't get cv_results from model_grid. Exception:
2023-07-06 06:38:02,340:WARNING:Traceback (most recent call last):
  File "C:\Users\heses\AppData\Roaming\Python\Python310\site-packages\pycaret\internal\pycaret_experiment\supervised_experiment.py", line 2666, in tune_model
    cv_results = model_grid.cv_results_
AttributeError: 'OptunaSearchCV' object has no attribute 'cv_results_'

2023-07-06 06:38:02,343:INFO:Hyperparameter search completed
2023-07-06 06:38:02,344:INFO:SubProcess create_model() called ==================================
2023-07-06 06:38:02,348:INFO:Initializing create_model()
2023-07-06 06:38:02,348:INFO:create_model(self=<pycaret.regression.oop.RegressionExperiment object at 0x000002228879D660>, estimator=GradientBoostingRegressor(random_state=362), fold=KFold(n_splits=10, random_state=None, shuffle=False), round=4, cross_validation=True, predict=True, fit_kwargs={}, groups=None, refit=True, probability_threshold=None, experiment_custom_tags=None, verbose=True, system=False, add_to_model_list=True, metrics=None, display=<pycaret.internal.display.display.CommonDisplay object at 0x000002229A228430>, model_only=True, return_train_score=False, kwargs={'n_estimators': 143, 'learning_rate': 0.3119568407520444, 'subsample': 0.6336601991330177, 'min_samples_split': 10, 'min_samples_leaf': 4, 'max_depth': 7, 'max_features': 0.7200685347573283, 'min_impurity_decrease': 0.0001589832685291379})
2023-07-06 06:38:02,352:INFO:Checking exceptions
2023-07-06 06:38:02,352:INFO:Importing libraries
2023-07-06 06:38:02,354:INFO:Copying training dataset
2023-07-06 06:38:02,367:INFO:Defining folds
2023-07-06 06:38:02,367:INFO:Declaring metric variables
2023-07-06 06:38:02,379:INFO:Importing untrained model
2023-07-06 06:38:02,379:INFO:Declaring custom model
2023-07-06 06:38:02,401:INFO:Gradient Boosting Regressor Imported successfully
2023-07-06 06:38:02,433:INFO:Starting cross validation
2023-07-06 06:38:02,437:INFO:Cross validating with KFold(n_splits=10, random_state=None, shuffle=False), n_jobs=1
2023-07-06 06:38:16,718:INFO:Calculating mean and std
2023-07-06 06:38:16,722:INFO:Creating metrics dataframe
2023-07-06 06:38:16,745:INFO:Finalizing model
2023-07-06 06:38:18,570:INFO:Uploading results into container
2023-07-06 06:38:18,573:INFO:Uploading model into container now
2023-07-06 06:38:18,576:INFO:_master_model_container: 7
2023-07-06 06:38:18,577:INFO:_display_container: 4
2023-07-06 06:38:18,581:INFO:GradientBoostingRegressor(learning_rate=0.3119568407520444, max_depth=7,
                          max_features=0.7200685347573283,
                          min_impurity_decrease=0.0001589832685291379,
                          min_samples_leaf=4, min_samples_split=10,
                          n_estimators=143, random_state=362,
                          subsample=0.6336601991330177)
2023-07-06 06:38:18,582:INFO:create_model() successfully completed......................................
2023-07-06 06:38:18,920:INFO:SubProcess create_model() end ==================================
2023-07-06 06:38:18,920:INFO:choose_better activated
2023-07-06 06:38:18,932:INFO:SubProcess create_model() called ==================================
2023-07-06 06:38:18,933:INFO:Initializing create_model()
2023-07-06 06:38:18,934:INFO:create_model(self=<pycaret.regression.oop.RegressionExperiment object at 0x000002228879D660>, estimator=GradientBoostingRegressor(random_state=362), fold=KFold(n_splits=10, random_state=None, shuffle=False), round=4, cross_validation=True, predict=True, fit_kwargs={}, groups=None, refit=True, probability_threshold=None, experiment_custom_tags=None, verbose=False, system=False, add_to_model_list=True, metrics=None, display=None, model_only=True, return_train_score=False, kwargs={})
2023-07-06 06:38:18,934:INFO:Checking exceptions
2023-07-06 06:38:18,940:INFO:Importing libraries
2023-07-06 06:38:18,941:INFO:Copying training dataset
2023-07-06 06:38:18,950:INFO:Defining folds
2023-07-06 06:38:18,951:INFO:Declaring metric variables
2023-07-06 06:38:18,951:INFO:Importing untrained model
2023-07-06 06:38:18,951:INFO:Declaring custom model
2023-07-06 06:38:18,953:INFO:Gradient Boosting Regressor Imported successfully
2023-07-06 06:38:18,954:INFO:Starting cross validation
2023-07-06 06:38:18,959:INFO:Cross validating with KFold(n_splits=10, random_state=None, shuffle=False), n_jobs=1
2023-07-06 06:38:30,706:INFO:Calculating mean and std
2023-07-06 06:38:30,707:INFO:Creating metrics dataframe
2023-07-06 06:38:30,712:INFO:Finalizing model
2023-07-06 06:38:31,633:INFO:Uploading results into container
2023-07-06 06:38:31,635:INFO:Uploading model into container now
2023-07-06 06:38:31,636:INFO:_master_model_container: 8
2023-07-06 06:38:31,636:INFO:_display_container: 5
2023-07-06 06:38:31,638:INFO:GradientBoostingRegressor(random_state=362)
2023-07-06 06:38:31,638:INFO:create_model() successfully completed......................................
2023-07-06 06:38:31,887:INFO:SubProcess create_model() end ==================================
2023-07-06 06:38:31,889:INFO:GradientBoostingRegressor(random_state=362) result for R2 is 0.8011
2023-07-06 06:38:31,892:INFO:GradientBoostingRegressor(learning_rate=0.3119568407520444, max_depth=7,
                          max_features=0.7200685347573283,
                          min_impurity_decrease=0.0001589832685291379,
                          min_samples_leaf=4, min_samples_split=10,
                          n_estimators=143, random_state=362,
                          subsample=0.6336601991330177) result for R2 is 0.778
2023-07-06 06:38:31,893:INFO:GradientBoostingRegressor(random_state=362) is best model
2023-07-06 06:38:31,893:INFO:choose_better completed
2023-07-06 06:38:31,893:INFO:Original model was better than the tuned model, hence it will be returned. NOTE: The display metrics are for the tuned model (not the original one).
2023-07-06 06:38:31,929:INFO:_master_model_container: 8
2023-07-06 06:38:31,930:INFO:_display_container: 4
2023-07-06 06:38:31,933:INFO:GradientBoostingRegressor(random_state=362)
2023-07-06 06:38:31,933:INFO:tune_model() successfully completed......................................
2023-07-06 06:38:34,460:INFO:Soft dependency imported: gradio: 3.35.2
2023-07-06 06:38:34,525:WARNING:C:\Users\heses\AppData\Roaming\Python\Python310\site-packages\gradio\inputs.py:27: UserWarning: Usage of gradio.inputs is deprecated, and will not be supported in the future, please import your component from gradio.components
  warnings.warn(

2023-07-06 06:38:34,526:WARNING:C:\Users\heses\AppData\Roaming\Python\Python310\site-packages\gradio\inputs.py:30: UserWarning: `optional` parameter is deprecated, and it has no effect
  super().__init__(

2023-07-06 06:38:34,527:WARNING:C:\Users\heses\AppData\Roaming\Python\Python310\site-packages\gradio\inputs.py:30: UserWarning: `numeric` parameter is deprecated, and it has no effect
  super().__init__(

